<?xml version="1.0" encoding="UTF-8"?>
<!--
test markup also accepts 3 properties: warning, profile and medium
-->
<testsuite>
  <type title="misc">
    <test>
      <file>testsuite/general/misc/sampleCSS1.css</file>
      <description>
	This style sheet is written according to the suggested rendering in the 
	HTML 2.0 specification. Some styles, e.g. colors, have been added for 
	completeness. It is suggested that a style sheet similar to this one 
	is used as the UA default.
      </description>
      <result valid="true">
        <errors>0</errors>
        <warnings>0</warnings>
      </result>
    </test>
  </type>
  <type title="bugs">
    <test>
      <file>testsuite/general/bugs/corrected-bug-372.css</file>
      <description>See&amp;nbsp;&lt;a href=&quot;http://www.w3.org/Bugs/Public/show_bug.cgi?id=372&quot;&gt;
      http://www.w3.org/Bugs/Public/show_bug.cgi?id=372&lt;/a&gt;</description>
      <result valid="false">
	<errors>1</errors>
	<warnings>0</warnings>
      </result>
    </test>
    <test>
      <file>testsuite/general/bugs/corrected-bug_invalid-value1.css</file>
      <result valid="false">
	<errors>1</errors>
	<warnings>0</warnings>
      </result>
    </test>
    <test>
      <file>testsuite/general/bugs/corrected-bug_invalid-value2.css</file>
      <description>Quoted keyword</description>
      <result valid="false">
	<errors>1</errors>
	<warnings>0</warnings>
      </result>
    </test>
    <test>
      <file>testsuite/general/bugs/corrected-bug-920.css</file>
      <description>See&amp;nbsp;&lt;a href=&quot;http://www.w3.org/Bugs/Public/show_bug.cgi?id=920&quot;&gt;
      http://www.w3.org/Bugs/Public/show_bug.cgi?id=920&lt;/a&gt;</description>
      <result valid="false">
	<errors>1</errors>
	<warnings>0</warnings>
      </result>
    </test>
    <test>
      <file>testsuite/general/bugs/corrected-bug-778.css</file>
      <description>See&amp;nbsp;&lt;a href=&quot;http://www.w3.org/Bugs/Public/show_bug.cgi?id=778&quot;&gt;
      http://www.w3.org/Bugs/Public/show_bug.cgi?id=778&lt;/a&gt;</description>
      <result valid="false">
	<errors>3</errors>
	<warnings>0</warnings>
      </result>
    </test>
    <test>
      <file>testsuite/general/bugs/corrected-bug-289.css</file>
      <description>See&amp;nbsp;&lt;a href=&quot;http://www.w3.org/Bugs/Public/show_bug.cgi?id=289&quot;&gt;
      http://www.w3.org/Bugs/Public/show_bug.cgi?id=289&lt;/a&gt;</description>
      <result valid="false">
	<errors>19</errors>
	<warnings>0</warnings>
      </result>
    </test>
    <test>
      <file>testsuite/general/bugs/corrected-bug-287.css</file>
      <description>See&amp;nbsp;&lt;a href=&quot;http://www.w3.org/Bugs/Public/show_bug.cgi?id=287&quot;&gt;
      http://www.w3.org/Bugs/Public/show_bug.cgi?id=287&lt;/a&gt;</description>
      <result valid="false">
	<errors>1</errors>
	<warnings>0</warnings>
      </result>
    </test>
    <test>
      <file>testsuite/general/bugs/corrected-bug-696.css</file>
      <description>See&amp;nbsp;&lt;a href=&quot;http://www.w3.org/Bugs/Public/show_bug.cgi?id=696&quot;&gt;
      http://www.w3.org/Bugs/Public/show_bug.cgi?id=696&lt;/a&gt;</description>
      <result valid="false">
	<errors>1</errors>
	<warnings>0</warnings>
      </result>
    </test>
    <test>
      <file>testsuite/general/bugs/corrected-bug-764.css</file>
      <description>See&amp;nbsp;&lt;a href=&quot;http://www.w3.org/Bugs/Public/show_bug.cgi?id=764&quot;&gt;
      http://www.w3.org/Bugs/Public/show_bug.cgi?id=764&lt;/a&gt;</description>
      <result valid="true">
        <errors>0</errors>
        <warnings>0</warnings>
      </result>
    </test>
  </type>
  <type title="loops">
    <test>
      <url>http://jigsaw.w3.org/Yves/testloop2.css</url>
      <description>This CSS calls testloop3.css which calls testloop2...</description>
      <result valid="false">
	<errors>1</errors>
	<warnings>0</warnings>
      </result>
    </test>
    <test>
      <file>testsuite/general/loops/loop1.css</file>
      <description>loop1.css tries to import itself</description>
      <result valid="false">
	<errors>1</errors>
	<warnings>0</warnings>
      </result>
    </test>
    <test>
      <file>testsuite/general/loops/loop2.css</file>
      <description>loop2 imports loop3, which imports loop4, which imports loop2 ;)</description>
      <result valid="false">
	<errors>1</errors>
	<warnings>0</warnings>
      </result>
    </test>
  </type>
  <type title="parse-errors">
    <test>
      <file>testsuite/general/parse/parse-error1.css</file>
      <description>Missing closing curly brace</description>
      <result valid="false">
	<errors>1</errors>
	<warnings>0</warnings>
      </result>
    </test>
    <test>
      <file>testsuite/general/parse/parse-error2.css</file>
      <description>Missing opening curly brace</description>
      <result valid="false">
	<errors>3</errors>
	<warnings>0</warnings>
      </result>
    </test>
    <test>
      <file>testsuite/general/parse/parse-error3.css</file>
      <description>Missing both opening and closing curly braces</description>
      <result valid="false">
	<errors>2</errors>
	<warnings>0</warnings>
      </result>
    </test>
    <test>
      <file>testsuite/general/parse/parse-error4.css</file>
      <description>Missing ':' after the property name</description>
      <result valid="false">
	<errors>1</errors>
	<warnings>0</warnings>
      </result>
    </test>
    <test>
      <file>testsuite/general/parse/valid1.css</file>
      <description>A valid&amp;nbsp;&apos;mono-property&apos;&amp;nbsp;CSS</description>
      <result valid="true">
        <errors>0</errors>
        <warnings>0</warnings>
      </result>
    </test>
    <test>
      <file>testsuite/general/parse/valid2.css</file>
      <description>A valid&amp;nbsp;&apos;mono-property&apos;&amp;nbsp;CSS without 
      ending&amp;nbsp;&apos;;&apos;</description>
      <result valid="true">
        <errors>0</errors>
        <warnings>0</warnings>
      </result>
    </test>
  </type>
  <type title="properties">
    <test>
      <file>testsuite/general/properties/inexistant.css</file>
      <description>Inexistant property</description>
      <result valid="false">
	<errors>1</errors>
	<warnings>0</warnings>
      </result>
    </test>
    <test>
      <file>testsuite/general/properties/not-terminated.css</file>
      <description>The property is not terminated, ie it has no value</description>
      <result valid="false">
	<errors>1</errors>
	<warnings>0</warnings>
      </result>
    </test>
  </type>
  <type title="comments">
    <test>
      <file>testsuite/general/comments/not-terminated.css</file>
      <description>Not terminated comment</description>
      <result valid="false">
	<errors>1</errors>
	<warnings>0</warnings>
      </result>
    </test>
    <test>
      <file>testsuite/general/comments/valid.css</file>
      <descriptiom>A valid CSS with lots of comments</descriptiom>
      <result valid="true">
        <errors>0</errors>
        <warnings>0</warnings>
      </result>
    </test>
    <test>
      <file>testsuite/general/comments/invalid.css</file>
      <description>A comment in a word (back/**/ground) is invalid</description>
      <result valid="false">
	<errors>1</errors>
	<warnings>0</warnings>
      </result>
    </test>
  </type>
  <type title="values">
    <test>
      <file>testsuite/general/values/invalid3.css</file>
      <description>Invalid value: inexistant keyword intead of length</description>
      <result valid="false">
	<errors>1</errors>
	<warnings>0</warnings>
      </result>
    </test>
  </type>
  <type title="at-rule">
    <test>
      <file>testsuite/general/at-rule/invalid.css</file>
      <description>Non implemented at-rule</description>
      <result valid="false">
	<errors>1</errors>
	<warnings>0</warnings>
      </result>
    </test>
    <test>
      <file>testsuite/general/at-rule/valid.css</file>
      <description>A valid CSS containing at-rules</description>
      <result valid="true">
        <errors>0</errors>
        <warnings>0</warnings>
      </result>
    </test>
  </type>
  <type title="Valid_CSS_with_warnings">
    <test warning="2">
      <file>testsuite/general/warnings/font-family.css</file>
      <description>font-family without generic family</description>
      <result valid="true">
	<errors>0</errors>
	<warnings>1</warnings>
      </result>
    </test>
  </type>
  <type title="URI_errors">
    <test>
      <url>http://domain.example.invalid</url>
      <description>Inexistant URI</description>
      <result valid="false">
        <errors>1</errors>
        <warnings>0</warnings>
      </result>
    </test>
    <test>
      <url>file://tmp/tmp.css</url>
      <description>Forbidden protocol</description>
     <result valid="false">
        <errors>1</errors>
        <warnings>0</warnings>
      </result>
    </test>
  </type>
  <type title="Attribute_Selectors">
    <test profile="css3">
        <file>testsuite/general/selectors/attributeoneof-001.css</file>
        <description>attribute one-of should not contain spaces</description>
        <result valid="true">
        <errors>0</errors>
            <warnings>1</warnings>
        </result>
    </test>
    <test profile="css21">
        <file>testsuite/general/selectors/multipleattributes-001.css</file>
        <description>Conflict checks when multiple selectors attributes are defined</description>
        <result valid="true">
        <errors>0</errors>
            <warnings>0</warnings>
        </result>
    </test>
    <test profile="css21">
        <file>testsuite/general/selectors/multipleattributes-002.css</file>
        <description>Conflict checks when multiple selectors attributes are defined</description>
        <result valid="true">
        <errors>0</errors>
            <warnings>1</warnings>
        </result>
    </test>
    <test profile="css21">
        <file>testsuite/general/selectors/multipleattributes-003.css</file>
        <description>Conflict checks when multiple selectors attributes are defined</description>
        <result valid="true">
        <errors>0</errors>
            <warnings>0</warnings>
        </result>
    </test>
    <test profile="css21">
        <file>testsuite/general/selectors/multipleattributes-004.css</file>
        <description>Conflict checks when multiple selectors attributes are defined</description>
        <result valid="true">
        <errors>0</errors>
            <warnings>0</warnings>
        </result>
    </test>
    <test profile="css21">
        <file>testsuite/general/selectors/multipleattributes-005.css</file>
        <description>Conflict checks when multiple selectors attributes are defined</description>
        <result valid="true">
        <errors>0</errors>
            <warnings>1</warnings>
        </result>
    </test>
    <test profile="css21">
        <file>testsuite/general/selectors/multipleattributes-006.css</file>
        <description>Conflict checks when multiple selectors attributes are defined</description>
        <result valid="true">
        <errors>0</errors>
            <warnings>1</warnings>
        </result>
    </test>
    <test profile="css21">
        <file>testsuite/general/selectors/multipleattributes-007.css</file>
        <description>Conflict checks when multiple selectors attributes are defined</description>
        <result valid="true">
         <errors>0</errors>
           <warnings>0</warnings>
        </result>
    </test>
    <test profile="css21">
        <file>testsuite/general/selectors/multipleattributes-008.css</file>
        <description>Conflict checks when multiple selectors attributes are defined</description>
        <result valid="true">
            <warnings>0</warnings>
         <errors>0</errors>
       </result>
    </test>
    <test profile="css21">
        <file>testsuite/general/selectors/multipleattributes-009.css</file>
        <description>Conflict checks when multiple selectors attributes are defined</description>
        <result valid="true">
         <errors>0</errors>
           <warnings>0</warnings>
        </result>
    </test>
    <test profile="css21">
        <file>testsuite/general/selectors/multipleattributes-010.css</file>
        <description>Conflict checks when multiple selectors attributes are defined</description>
        <result valid="true">
         <errors>0</errors>
           <warnings>1</warnings>
        </result>
    </test>
    <test profile="css21">
        <file>testsuite/general/selectors/multipleattributes-011.css</file>
        <description>Conflict checks when multiple selectors attributes are defined</description>
        <result valid="true">
         <errors>0</errors>
           <warnings>0</warnings>
        </result>
    </test>
    <test profile="css21">
        <file>testsuite/general/selectors/multipleattributes-012.css</file>
        <description>Conflict checks when multiple selectors attributes are defined</description>
        <result valid="true">
         <errors>0</errors>
           <warnings>0</warnings>
        </result>
    </test>
    <test profile="css21">
        <file>testsuite/general/selectors/multipleattributes-013.css</file>
        <description>Conflict checks when multiple selectors attributes are defined</description>
        <result valid="true">
         <errors>0</errors>
           <warnings>1</warnings>
        </result>
    </test>
    <test profile="css21">
        <file>testsuite/general/selectors/multipleattributes-014.css</file>
        <description>Conflict checks when multiple selectors attributes are defined</description>
        <result valid="true">
         <errors>0</errors>
           <warnings>0</warnings>
        </result>
    </test>
    <test profile="css21">
        <file>testsuite/general/selectors/multipleattributes-015.css</file>
        <description>Conflict checks when multiple selectors attributes are defined</description>
        <result valid="true">
         <errors>0</errors>
           <warnings>0</warnings>
        </result>
    </test>
    <test profile="css21">
        <file>testsuite/general/selectors/multipleattributes-016.css</file>
        <description>Conflict checks when multiple selectors attributes are defined</description>
        <result valid="true">
         <errors>0</errors>
           <warnings>0</warnings>
        </result>
    </test>
    <test profile="css21">
        <file>testsuite/general/selectors/multipleattributes-017.css</file>
        <description>Conflict checks when multiple selectors attributes are defined</description>
        <result valid="true">
         <errors>0</errors>
           <warnings>1</warnings>
        </result>
    </test>
    <test profile="css21">
        <file>testsuite/general/selectors/multipleattributes-018.css</file>
        <description>Conflict checks when multiple selectors attributes are defined</description>
        <result valid="true">
         <errors>0</errors>
           <warnings>0</warnings>
        </result>
    </test>
    <test profile="css21">
        <file>testsuite/general/selectors/multipleattributes-024.css</file>
        <description>Conflict checks when multiple selectors attributes are defined</description>
        <result valid="true">
         <errors>0</errors>
           <warnings>0</warnings>
        </result>
    </test>
    <test profile="css21">
        <file>testsuite/general/selectors/multipleattributes-025.css</file>
        <description>Conflict checks when multiple selectors attributes are defined</description>
        <result valid="true">
         <errors>0</errors>
           <warnings>0</warnings>
        </result>
    </test>
    <test profile="css21">
        <file>testsuite/general/selectors/multipleattributes-026.css</file>
        <description>Conflict checks when multiple selectors attributes are defined</description>
        <result valid="true">
         <errors>0</errors>
           <warnings>1</warnings>
        </result>
    </test>
    <test profile="css21">
        <file>testsuite/general/selectors/multipleattributes-027.css</file>
        <description>Conflict checks when multiple selectors attributes are defined</description>
        <result valid="true">
         <errors>0</errors>
           <warnings>1</warnings>
        </result>
    </test>
    <test profile="css21">
        <file>testsuite/general/selectors/multipleattributes-028.css</file>
        <description>Conflict checks when multiple selectors attributes are defined</description>
        <result valid="true">
         <errors>0</errors>
           <warnings>0</warnings>
        </result>
    </test>
    <test profile="css21">
        <file>testsuite/general/selectors/multipleattributes-029.css</file>
        <description>Conflict checks when multiple selectors attributes are defined</description>
        <result valid="true">
         <errors>0</errors>
           <warnings>0</warnings>
        </result>
    </test>
    <test profile="css21">
        <file>testsuite/general/selectors/multipleattributes-030.css</file>
        <description>Conflict checks when multiple selectors attributes are defined</description>
        <result valid="true">
         <errors>0</errors>
           <warnings>1</warnings>
        </result>
    </test>
    <test profile="css21">
        <file>testsuite/general/selectors/multipleattributes-031.css</file>
        <description>Conflict checks when multiple selectors attributes are defined</description>
        <result valid="true">
         <errors>0</errors>
           <warnings>0</warnings>
        </result>
    </test>
  </type>
</testsuite>
